<?xml version="1.0" encoding="UTF-8"?>
<coverage generated="1657896786417" clover="3.2.0">
  <project timestamp="1657896786417" name="All files">
    <metrics statements="39" coveredstatements="39" conditionals="8" coveredconditionals="8" methods="12" coveredmethods="12" elements="59" coveredelements="59" complexity="0" loc="39" ncloc="39" packages="1" files="1" classes="1"/>
    <file name="app.js" path="C:\Users\Agi\Documents\projects\futureproof-projects\apiPractice\server\app.js">
      <metrics statements="39" coveredstatements="39" conditionals="8" coveredconditionals="8" methods="12" coveredmethods="12"/>
      <line num="1" count="1" type="stmt"/>
      <line num="2" count="1" type="stmt"/>
      <line num="3" count="1" type="stmt"/>
      <line num="7" count="1" type="stmt"/>
      <line num="11" count="1" type="stmt"/>
      <line num="13" count="1" type="stmt"/>
      <line num="16" count="1" type="stmt"/>
      <line num="17" count="1" type="stmt"/>
      <line num="20" count="1" type="stmt"/>
      <line num="21" count="4" type="stmt"/>
      <line num="23" count="4" type="cond" truecount="2" falsecount="0"/>
      <line num="24" count="6" type="stmt"/>
      <line num="25" count="3" type="cond" truecount="2" falsecount="0"/>
      <line num="26" count="6" type="stmt"/>
      <line num="28" count="4" type="stmt"/>
      <line num="29" count="18" type="stmt"/>
      <line num="33" count="1" type="stmt"/>
      <line num="34" count="2" type="stmt"/>
      <line num="35" count="12" type="stmt"/>
      <line num="38" count="2" type="cond" truecount="2" falsecount="0"/>
      <line num="39" count="1" type="stmt"/>
      <line num="43" count="1" type="stmt"/>
      <line num="49" count="1" type="stmt"/>
      <line num="50" count="2" type="stmt"/>
      <line num="51" count="12" type="stmt"/>
      <line num="52" count="2" type="cond" truecount="2" falsecount="0"/>
      <line num="53" count="1" type="stmt"/>
      <line num="55" count="1" type="stmt"/>
      <line num="61" count="1" type="stmt"/>
      <line num="62" count="1" type="stmt"/>
      <line num="63" count="1" type="stmt"/>
      <line num="64" count="1" type="stmt"/>
      <line num="65" count="1" type="stmt"/>
      <line num="71" count="1" type="stmt"/>
      <line num="72" count="1" type="stmt"/>
      <line num="73" count="7" type="stmt"/>
      <line num="75" count="1" type="stmt"/>
      <line num="77" count="1" type="stmt"/>
      <line num="85" count="1" type="stmt"/>
    </file>
  </project>
</coverage>
