{"C:\\Users\\Agi\\Documents\\projects\\futureproof-projects\\apiPractice\\server\\app.js": {"path":"C:\\Users\\Agi\\Documents\\projects\\futureproof-projects\\apiPractice\\server\\app.js","statementMap":{"0":{"start":{"line":1,"column":16},"end":{"line":1,"column":34}},"1":{"start":{"line":2,"column":13},"end":{"line":2,"column":28}},"2":{"start":{"line":3,"column":11},"end":{"line":3,"column":28}},"3":{"start":{"line":7,"column":12},"end":{"line":7,"column":21}},"4":{"start":{"line":11,"column":0},"end":{"line":11,"column":24}},"5":{"start":{"line":13,"column":0},"end":{"line":13,"column":16}},"6":{"start":{"line":16,"column":0},"end":{"line":18,"column":3}},"7":{"start":{"line":17,"column":4},"end":{"line":17,"column":52}},"8":{"start":{"line":20,"column":0},"end":{"line":31,"column":3}},"9":{"start":{"line":21,"column":20},"end":{"line":21,"column":24}},"10":{"start":{"line":23,"column":4},"end":{"line":27,"column":5}},"11":{"start":{"line":24,"column":8},"end":{"line":24,"column":64}},"12":{"start":{"line":24,"column":48},"end":{"line":24,"column":63}},"13":{"start":{"line":25,"column":11},"end":{"line":27,"column":5}},"14":{"start":{"line":26,"column":8},"end":{"line":26,"column":65}},"15":{"start":{"line":26,"column":48},"end":{"line":26,"column":64}},"16":{"start":{"line":28,"column":4},"end":{"line":30,"column":7}},"17":{"start":{"line":29,"column":44},"end":{"line":29,"column":56}},"18":{"start":{"line":33,"column":0},"end":{"line":47,"column":3}},"19":{"start":{"line":34,"column":15},"end":{"line":34,"column":30}},"20":{"start":{"line":35,"column":25},"end":{"line":35,"column":58}},"21":{"start":{"line":35,"column":42},"end":{"line":35,"column":57}},"22":{"start":{"line":38,"column":4},"end":{"line":46,"column":5}},"23":{"start":{"line":39,"column":8},"end":{"line":41,"column":10}},"24":{"start":{"line":43,"column":8},"end":{"line":45,"column":10}},"25":{"start":{"line":49,"column":0},"end":{"line":59,"column":2}},"26":{"start":{"line":50,"column":21},"end":{"line":50,"column":40}},"27":{"start":{"line":51,"column":25},"end":{"line":51,"column":77}},"28":{"start":{"line":51,"column":48},"end":{"line":51,"column":76}},"29":{"start":{"line":52,"column":4},"end":{"line":58,"column":5}},"30":{"start":{"line":53,"column":8},"end":{"line":53,"column":35}},"31":{"start":{"line":55,"column":8},"end":{"line":57,"column":10}},"32":{"start":{"line":61,"column":0},"end":{"line":69,"column":2}},"33":{"start":{"line":62,"column":23},"end":{"line":62,"column":31}},"34":{"start":{"line":63,"column":4},"end":{"line":63,"column":35}},"35":{"start":{"line":64,"column":4},"end":{"line":64,"column":26}},"36":{"start":{"line":65,"column":4},"end":{"line":68,"column":6}},"37":{"start":{"line":71,"column":0},"end":{"line":81,"column":2}},"38":{"start":{"line":72,"column":18},"end":{"line":72,"column":31}},"39":{"start":{"line":73,"column":18},"end":{"line":73,"column":58}},"40":{"start":{"line":73,"column":38},"end":{"line":73,"column":54}},"41":{"start":{"line":75,"column":4},"end":{"line":75,"column":30}},"42":{"start":{"line":77,"column":4},"end":{"line":80,"column":7}},"43":{"start":{"line":85,"column":0},"end":{"line":85,"column":21}}},"fnMap":{"0":{"name":"(anonymous_0)","decl":{"start":{"line":16,"column":13},"end":{"line":16,"column":14}},"loc":{"start":{"line":16,"column":27},"end":{"line":18,"column":1}},"line":16},"1":{"name":"(anonymous_1)","decl":{"start":{"line":20,"column":22},"end":{"line":20,"column":23}},"loc":{"start":{"line":20,"column":36},"end":{"line":31,"column":1}},"line":20},"2":{"name":"(anonymous_2)","decl":{"start":{"line":24,"column":37},"end":{"line":24,"column":38}},"loc":{"start":{"line":24,"column":48},"end":{"line":24,"column":63}},"line":24},"3":{"name":"(anonymous_3)","decl":{"start":{"line":26,"column":37},"end":{"line":26,"column":38}},"loc":{"start":{"line":26,"column":48},"end":{"line":26,"column":64}},"line":26},"4":{"name":"(anonymous_4)","decl":{"start":{"line":29,"column":33},"end":{"line":29,"column":34}},"loc":{"start":{"line":29,"column":44},"end":{"line":29,"column":56}},"line":29},"5":{"name":"(anonymous_5)","decl":{"start":{"line":33,"column":28},"end":{"line":33,"column":29}},"loc":{"start":{"line":33,"column":42},"end":{"line":47,"column":1}},"line":33},"6":{"name":"(anonymous_6)","decl":{"start":{"line":35,"column":37},"end":{"line":35,"column":38}},"loc":{"start":{"line":35,"column":42},"end":{"line":35,"column":57}},"line":35},"7":{"name":"(anonymous_7)","decl":{"start":{"line":49,"column":31},"end":{"line":49,"column":32}},"loc":{"start":{"line":49,"column":45},"end":{"line":59,"column":1}},"line":49},"8":{"name":"(anonymous_8)","decl":{"start":{"line":51,"column":37},"end":{"line":51,"column":38}},"loc":{"start":{"line":51,"column":48},"end":{"line":51,"column":76}},"line":51},"9":{"name":"(anonymous_9)","decl":{"start":{"line":61,"column":23},"end":{"line":61,"column":24}},"loc":{"start":{"line":61,"column":37},"end":{"line":69,"column":1}},"line":61},"10":{"name":"(anonymous_10)","decl":{"start":{"line":71,"column":29},"end":{"line":71,"column":30}},"loc":{"start":{"line":71,"column":43},"end":{"line":81,"column":1}},"line":71},"11":{"name":"(anonymous_11)","decl":{"start":{"line":73,"column":30},"end":{"line":73,"column":31}},"loc":{"start":{"line":73,"column":38},"end":{"line":73,"column":54}},"line":73}},"branchMap":{"0":{"loc":{"start":{"line":23,"column":4},"end":{"line":27,"column":5}},"type":"if","locations":[{"start":{"line":23,"column":4},"end":{"line":27,"column":5}},{"start":{"line":25,"column":11},"end":{"line":27,"column":5}}],"line":23},"1":{"loc":{"start":{"line":25,"column":11},"end":{"line":27,"column":5}},"type":"if","locations":[{"start":{"line":25,"column":11},"end":{"line":27,"column":5}},{"start":{},"end":{}}],"line":25},"2":{"loc":{"start":{"line":38,"column":4},"end":{"line":46,"column":5}},"type":"if","locations":[{"start":{"line":38,"column":4},"end":{"line":46,"column":5}},{"start":{"line":42,"column":11},"end":{"line":46,"column":5}}],"line":38},"3":{"loc":{"start":{"line":52,"column":4},"end":{"line":58,"column":5}},"type":"if","locations":[{"start":{"line":52,"column":4},"end":{"line":58,"column":5}},{"start":{"line":54,"column":11},"end":{"line":58,"column":5}}],"line":52}},"s":{"0":1,"1":1,"2":1,"3":1,"4":1,"5":1,"6":1,"7":1,"8":1,"9":4,"10":4,"11":1,"12":6,"13":3,"14":1,"15":6,"16":4,"17":18,"18":1,"19":2,"20":2,"21":12,"22":2,"23":1,"24":1,"25":1,"26":0,"27":0,"28":0,"29":0,"30":0,"31":0,"32":1,"33":0,"34":0,"35":0,"36":0,"37":1,"38":0,"39":0,"40":0,"41":0,"42":0,"43":1},"f":{"0":1,"1":4,"2":6,"3":6,"4":18,"5":2,"6":12,"7":0,"8":0,"9":0,"10":0,"11":0},"b":{"0":[1,3],"1":[1,2],"2":[1,1],"3":[0,0]},"_coverageSchema":"1a1c01bbd47fc00a2c39e90264f33305004495a9","hash":"acc9e906911c4c255ca3af188b19aab3837b0244"}
,"C:\\Users\\Agi\\Documents\\projects\\futureproof-projects\\apiPractice\\server\\data.js": {"path":"C:\\Users\\Agi\\Documents\\projects\\futureproof-projects\\apiPractice\\server\\data.js","statementMap":{"0":{"start":{"line":1,"column":13},"end":{"line":44,"column":1}},"1":{"start":{"line":46,"column":0},"end":{"line":46,"column":22}}},"fnMap":{},"branchMap":{},"s":{"0":1,"1":1},"f":{},"b":{},"_coverageSchema":"1a1c01bbd47fc00a2c39e90264f33305004495a9","hash":"025aa670d0e7c14651707b0d130be41468b983b0"}
}
