TN:
SF:app.js
FN:16,(anonymous_0)
FN:20,(anonymous_1)
FN:24,(anonymous_2)
FN:26,(anonymous_3)
FN:29,(anonymous_4)
FN:33,(anonymous_5)
FN:35,(anonymous_6)
FN:49,(anonymous_7)
FN:51,(anonymous_8)
FN:61,(anonymous_9)
FN:71,(anonymous_10)
FN:73,(anonymous_11)
FNF:12
FNH:12
FNDA:1,(anonymous_0)
FNDA:4,(anonymous_1)
FNDA:6,(anonymous_2)
FNDA:6,(anonymous_3)
FNDA:18,(anonymous_4)
FNDA:2,(anonymous_5)
FNDA:12,(anonymous_6)
FNDA:2,(anonymous_7)
FNDA:12,(anonymous_8)
FNDA:1,(anonymous_9)
FNDA:1,(anonymous_10)
FNDA:7,(anonymous_11)
DA:1,1
DA:2,1
DA:3,1
DA:7,1
DA:11,1
DA:13,1
DA:16,1
DA:17,1
DA:20,1
DA:21,4
DA:23,4
DA:24,6
DA:25,3
DA:26,6
DA:28,4
DA:29,18
DA:33,1
DA:34,2
DA:35,12
DA:38,2
DA:39,1
DA:43,1
DA:49,1
DA:50,2
DA:51,12
DA:52,2
DA:53,1
DA:55,1
DA:61,1
DA:62,1
DA:63,1
DA:64,1
DA:65,1
DA:71,1
DA:72,1
DA:73,7
DA:75,1
DA:77,1
DA:85,1
LF:39
LH:39
BRDA:23,0,0,1
BRDA:23,0,1,3
BRDA:25,1,0,1
BRDA:25,1,1,2
BRDA:38,2,0,1
BRDA:38,2,1,1
BRDA:52,3,0,1
BRDA:52,3,1,1
BRF:8
BRH:8
end_of_record
